2014-12-05 13:59:37,598 [Worker-434] INFO  c.n.h.c.p.n.NettyAsyncHttpProvider - Number of application's worked threads is 8
2014-12-05 13:59:38,625 [New I/O client worker #1-1] INFO  o.e.m.c.i.e.AbstractTransferListenerAdapter - Downloading http://repo.maven.apache.org/maven2/org/glassfish/main/common/glassfish-naming/4.0/glassfish-naming-4.0-sources.jar
2014-12-05 13:59:39,202 [New I/O client worker #1-1] INFO  o.e.m.c.i.e.AbstractTransferListenerAdapter - Downloaded http://repo.maven.apache.org/maven2/org/glassfish/main/common/glassfish-naming/4.0/glassfish-naming-4.0-sources.jar
2014-12-05 21:47:59,942 [Worker-2] ERROR o.e.m.c.i.p.r.ProjectRegistryReader - Can't read workspace state
java.io.StreamCorruptedException: invalid stream header: 00000000
	at java.io.ObjectInputStream.readStreamHeader(Unknown Source) ~[na:1.7.0_67]
	at java.io.ObjectInputStream.<init>(Unknown Source) ~[na:1.7.0_67]
	at org.eclipse.m2e.core.internal.project.registry.ProjectRegistryReader$1.<init>(ProjectRegistryReader.java:67) ~[org.eclipse.m2e.core_1.4.1.20140328-1905.jar:na]
	at org.eclipse.m2e.core.internal.project.registry.ProjectRegistryReader.readWorkspaceState(ProjectRegistryReader.java:67) ~[org.eclipse.m2e.core_1.4.1.20140328-1905.jar:na]
	at org.eclipse.m2e.core.internal.project.registry.ProjectRegistryManager.<init>(ProjectRegistryManager.java:139) [org.eclipse.m2e.core_1.4.1.20140328-1905.jar:na]
	at org.eclipse.m2e.core.internal.MavenPluginActivator.start(MavenPluginActivator.java:204) [org.eclipse.m2e.core_1.4.1.20140328-1905.jar:na]
	at org.eclipse.osgi.framework.internal.core.BundleContextImpl$1.run(BundleContextImpl.java:711) [org.eclipse.osgi_3.9.1.v20140110-1610.jar:na]
	at java.security.AccessController.doPrivileged(Native Method) [na:1.7.0_67]
	at org.eclipse.osgi.framework.internal.core.BundleContextImpl.startActivator(BundleContextImpl.java:702) [org.eclipse.osgi_3.9.1.v20140110-1610.jar:na]
	at org.eclipse.osgi.framework.internal.core.BundleContextImpl.start(BundleContextImpl.java:683) [org.eclipse.osgi_3.9.1.v20140110-1610.jar:na]
	at org.eclipse.osgi.framework.internal.core.BundleHost.startWorker(BundleHost.java:381) [org.eclipse.osgi_3.9.1.v20140110-1610.jar:na]
	at org.eclipse.osgi.framework.internal.core.AbstractBundle.start(AbstractBundle.java:300) [org.eclipse.osgi_3.9.1.v20140110-1610.jar:na]
	at org.eclipse.osgi.framework.util.SecureAction.start(SecureAction.java:478) [org.eclipse.osgi_3.9.1.v20140110-1610.jar:na]
	at org.eclipse.osgi.internal.loader.BundleLoader.setLazyTrigger(BundleLoader.java:263) [org.eclipse.osgi_3.9.1.v20140110-1610.jar:na]
	at org.eclipse.core.runtime.internal.adaptor.EclipseLazyStarter.postFindLocalClass(EclipseLazyStarter.java:109) [org.eclipse.osgi_3.9.1.v20140110-1610.jar:na]
	at org.eclipse.osgi.baseadaptor.loader.ClasspathManager.findLocalClass(ClasspathManager.java:469) [org.eclipse.osgi_3.9.1.v20140110-1610.jar:na]
	at org.eclipse.osgi.internal.baseadaptor.DefaultClassLoader.findLocalClass(DefaultClassLoader.java:216) [org.eclipse.osgi_3.9.1.v20140110-1610.jar:na]
	at org.eclipse.osgi.internal.loader.BundleLoader.findLocalClass(BundleLoader.java:395) [org.eclipse.osgi_3.9.1.v20140110-1610.jar:na]
	at org.eclipse.osgi.internal.loader.SingleSourcePackage.loadClass(SingleSourcePackage.java:35) [org.eclipse.osgi_3.9.1.v20140110-1610.jar:na]
	at org.eclipse.osgi.internal.loader.BundleLoader.findClassInternal(BundleLoader.java:461) [org.eclipse.osgi_3.9.1.v20140110-1610.jar:na]
	at org.eclipse.osgi.internal.loader.BundleLoader.findClass(BundleLoader.java:421) [org.eclipse.osgi_3.9.1.v20140110-1610.jar:na]
	at org.eclipse.osgi.internal.loader.BundleLoader.findClass(BundleLoader.java:412) [org.eclipse.osgi_3.9.1.v20140110-1610.jar:na]
	at org.eclipse.osgi.internal.baseadaptor.DefaultClassLoader.loadClass(DefaultClassLoader.java:107) [org.eclipse.osgi_3.9.1.v20140110-1610.jar:na]
	at java.lang.ClassLoader.loadClass(Unknown Source) [na:1.7.0_67]
	at java.lang.Class.forName0(Native Method) [na:1.7.0_67]
	at java.lang.Class.forName(Unknown Source) [na:1.7.0_67]
	at org.springframework.ide.eclipse.maven.MavenCorePlugin.isPresent(MavenCorePlugin.java:57) [org.springframework.ide.eclipse.maven_3.6.2.201410090854-RELEASE.jar:na]
	at org.springframework.ide.eclipse.maven.MavenCorePlugin.<clinit>(MavenCorePlugin.java:52) [org.springframework.ide.eclipse.maven_3.6.2.201410090854-RELEASE.jar:na]
	at sun.reflect.NativeConstructorAccessorImpl.newInstance0(Native Method) [na:1.7.0_67]
	at sun.reflect.NativeConstructorAccessorImpl.newInstance(Unknown Source) [na:1.7.0_67]
	at sun.reflect.DelegatingConstructorAccessorImpl.newInstance(Unknown Source) [na:1.7.0_67]
	at java.lang.reflect.Constructor.newInstance(Unknown Source) [na:1.7.0_67]
	at java.lang.Class.newInstance(Unknown Source) [na:1.7.0_67]
	at org.eclipse.osgi.framework.internal.core.AbstractBundle.loadBundleActivator(AbstractBundle.java:167) [org.eclipse.osgi_3.9.1.v20140110-1610.jar:na]
	at org.eclipse.osgi.framework.internal.core.BundleContextImpl.start(BundleContextImpl.java:679) [org.eclipse.osgi_3.9.1.v20140110-1610.jar:na]
	at org.eclipse.osgi.framework.internal.core.BundleHost.startWorker(BundleHost.java:381) [org.eclipse.osgi_3.9.1.v20140110-1610.jar:na]
	at org.eclipse.osgi.framework.internal.core.AbstractBundle.start(AbstractBundle.java:300) [org.eclipse.osgi_3.9.1.v20140110-1610.jar:na]
	at org.eclipse.osgi.framework.util.SecureAction.start(SecureAction.java:478) [org.eclipse.osgi_3.9.1.v20140110-1610.jar:na]
	at org.eclipse.osgi.internal.loader.BundleLoader.setLazyTrigger(BundleLoader.java:263) [org.eclipse.osgi_3.9.1.v20140110-1610.jar:na]
	at org.eclipse.core.runtime.internal.adaptor.EclipseLazyStarter.postFindLocalClass(EclipseLazyStarter.java:109) [org.eclipse.osgi_3.9.1.v20140110-1610.jar:na]
	at org.eclipse.osgi.baseadaptor.loader.ClasspathManager.findLocalClass(ClasspathManager.java:469) [org.eclipse.osgi_3.9.1.v20140110-1610.jar:na]
	at org.eclipse.osgi.internal.baseadaptor.DefaultClassLoader.findLocalClass(DefaultClassLoader.java:216) [org.eclipse.osgi_3.9.1.v20140110-1610.jar:na]
	at org.eclipse.osgi.internal.loader.BundleLoader.findLocalClass(BundleLoader.java:395) [org.eclipse.osgi_3.9.1.v20140110-1610.jar:na]
	at org.eclipse.osgi.internal.loader.BundleLoader.findClassInternal(BundleLoader.java:464) [org.eclipse.osgi_3.9.1.v20140110-1610.jar:na]
	at org.eclipse.osgi.internal.loader.BundleLoader.findClass(BundleLoader.java:421) [org.eclipse.osgi_3.9.1.v20140110-1610.jar:na]
	at org.eclipse.osgi.internal.loader.BundleLoader.findClass(BundleLoader.java:412) [org.eclipse.osgi_3.9.1.v20140110-1610.jar:na]
	at org.eclipse.osgi.internal.baseadaptor.DefaultClassLoader.loadClass(DefaultClassLoader.java:107) [org.eclipse.osgi_3.9.1.v20140110-1610.jar:na]
	at java.lang.ClassLoader.loadClass(Unknown Source) [na:1.7.0_67]
	at org.eclipse.osgi.internal.loader.BundleLoader.loadClass(BundleLoader.java:340) [org.eclipse.osgi_3.9.1.v20140110-1610.jar:na]
	at org.eclipse.osgi.framework.internal.core.BundleHost.loadClass(BundleHost.java:229) [org.eclipse.osgi_3.9.1.v20140110-1610.jar:na]
	at org.eclipse.osgi.framework.internal.core.AbstractBundle.loadClass(AbstractBundle.java:1212) [org.eclipse.osgi_3.9.1.v20140110-1610.jar:na]
	at org.eclipse.core.internal.registry.osgi.RegistryStrategyOSGI.createExecutableExtension(RegistryStrategyOSGI.java:174) [org.eclipse.equinox.registry_3.5.301.v20130717-1549.jar:na]
	at org.eclipse.core.internal.registry.ExtensionRegistry.createExecutableExtension(ExtensionRegistry.java:905) [org.eclipse.equinox.registry_3.5.301.v20130717-1549.jar:na]
	at org.eclipse.core.internal.registry.ConfigurationElement.createExecutableExtension(ConfigurationElement.java:243) [org.eclipse.equinox.registry_3.5.301.v20130717-1549.jar:na]
	at org.eclipse.core.internal.registry.ConfigurationElementHandle.createExecutableExtension(ConfigurationElementHandle.java:55) [org.eclipse.equinox.registry_3.5.301.v20130717-1549.jar:na]
	at org.eclipse.ui.internal.WorkbenchPlugin$1.run(WorkbenchPlugin.java:282) [org.eclipse.ui.workbench_3.105.2.v20140211-1711.jar:na]
	at org.eclipse.swt.custom.BusyIndicator.showWhile(BusyIndicator.java:52) [org.eclipse.swt.win32.win32.x86_64_3.102.1.v20140206-1358.jar:na]
	at org.eclipse.ui.internal.WorkbenchPlugin.createExtension(WorkbenchPlugin.java:278) [org.eclipse.ui.workbench_3.105.2.v20140211-1711.jar:na]
	at org.eclipse.ui.internal.EarlyStartupRunnable.getExecutableExtension(EarlyStartupRunnable.java:117) [org.eclipse.ui.workbench_3.105.2.v20140211-1711.jar:na]
	at org.eclipse.ui.internal.EarlyStartupRunnable.run(EarlyStartupRunnable.java:66) [org.eclipse.ui.workbench_3.105.2.v20140211-1711.jar:na]
	at org.eclipse.core.runtime.SafeRunner.run(SafeRunner.java:42) [org.eclipse.equinox.common_3.6.200.v20130402-1505.jar:na]
	at org.eclipse.ui.internal.Workbench$55.run(Workbench.java:2555) [org.eclipse.ui.workbench_3.105.2.v20140211-1711.jar:na]
	at org.eclipse.core.internal.jobs.Worker.run(Worker.java:53) [org.eclipse.core.jobs_3.5.300.v20130429-1813.jar:na]
